<?xml version="1.0" encoding="UTF-8"?>
<!-- Generated by org.testng.reporters.JUnitXMLReporter -->
<testsuite ignored="0" hostname="Venkatesh" failures="0" tests="20" name="Test" time="1227.469" errors="0" timestamp="2024-04-30T15:15:21 IST">
  <testcase classname="testcases.TC001_BrokenURLValidationTest" name="BrokenURLValidation" time="9.709"/>
  <testcase classname="testcases.TC002_CountrySelectionTest" name="UnitedStatesCountrySelection" time="14.779"/>
  <testcase classname="testcases.TC003_Signin_ValidDetailsTest" name="SigninValidation" time="38.295"/>
  <testcase classname="testcases.TC004_MenuValidationTest" name="MenuItemsValidation" time="104.388"/>
  <testcase classname="testcases.TC005_BottomLinksValidationTest" name="BottomLinksValidation" time="75.124"/>
  <testcase classname="testcases.TC006_SearchBoxTest" name="SearchBox" time="69.089"/>
  <testcase classname="testcases.TC007_ShopByDepartmentTest" name="ShopByDepartment" time="95.062"/>
  <testcase classname="testcases.TC008_ShopByBrandTest" name="ShopByBrand" time="95.971"/>
  <testcase classname="testcases.TC009_CheckOutTest" name="CheckOutValidation" time="141.875"/>
  <testcase classname="testcases.TC010_Signup_InvalidDetailsTest" name="Signup_InvalidDetails" time="40.636"/>
  <testcase classname="testcases.TC010_Signup_InvalidDetailsTest" name="Signup_InvalidDetails" time="37.021"/>
  <testcase classname="testcases.TC010_Signup_InvalidDetailsTest" name="Signup_InvalidDetails" time="34.108"/>
  <testcase classname="testcases.TC010_Signup_InvalidDetailsTest" name="Signup_InvalidDetails" time="71.324"/>
  <testcase classname="testcases.TC010_Signup_InvalidDetailsTest" name="Signup_InvalidDetails" time="34.196"/>
  <testcase classname="testcases.TC010_Signup_InvalidDetailsTest" name="Signup_InvalidDetails" time="34.211"/>
  <testcase classname="testcases.TC010_Signup_InvalidDetailsTest" name="Signup_InvalidDetails" time="42.369"/>
  <testcase classname="testcases.TC011_Signin_InvalidDetailsTest" name="Signin_InvalidDetails" time="39.402"/>
  <testcase classname="testcases.TC011_Signin_InvalidDetailsTest" name="Signin_InvalidDetails" time="37.227"/>
  <testcase classname="testcases.TC011_Signin_InvalidDetailsTest" name="Signin_InvalidDetails" time="36.825"/>
  <testcase classname="testcases.TC011_Signin_InvalidDetailsTest" name="Signin_InvalidDetails" time="33.633"/>
</testsuite> <!-- Test -->
