<?xml version="1.0" encoding="UTF-8"?>
<testng-results ignored="0" total="1" passed="1" failed="0" skipped="0">
  <reporter-output>
  </reporter-output>
  <suite started-at="2024-04-30T14:28:55 IST" name="Suite" finished-at="2024-04-30T14:30:22 IST" duration-ms="86906">
    <groups>
    </groups>
    <test started-at="2024-04-30T14:28:55 IST" name="Test" finished-at="2024-04-30T14:30:22 IST" duration-ms="86906">
      <class name="testcases.TC007_ShopByDepartmentTest">
        <test-method is-config="true" signature="browserLaunch(java.lang.String,java.lang.String)[pri:0, instance:testcases.TC007_ShopByDepartmentTest@5a7fe64f]" started-at="2024-04-30T14:28:55 IST" name="browserLaunch" finished-at="2024-04-30T14:29:03 IST" duration-ms="7453" status="PASS">
          <params>
            <param index="0">
              <value>
                <![CDATA[chrome]]>
              </value>
            </param>
            <param index="1">
              <value>
                <![CDATA[https://www.bestbuy.com/]]>
              </value>
            </param>
          </params>
          <reporter-output>
          </reporter-output>
        </test-method> <!-- browserLaunch -->
        <test-method signature="ShopByDepartment(java.lang.String,java.lang.String)[pri:0, instance:testcases.TC007_ShopByDepartmentTest@5a7fe64f]" started-at="2024-04-30T14:29:03 IST" name="ShopByDepartment" finished-at="2024-04-30T14:30:22 IST" duration-ms="78765" status="PASS">
          <params>
            <param index="0">
              <value>
                <![CDATA[jmvenkatesh06@gmail.com]]>
              </value>
            </param>
            <param index="1">
              <value>
                <![CDATA[Buy$123]]>
              </value>
            </param>
          </params>
          <reporter-output>
          </reporter-output>
        </test-method> <!-- ShopByDepartment -->
        <test-method is-config="true" signature="closeBrowser()[pri:0, instance:testcases.TC007_ShopByDepartmentTest@5a7fe64f]" started-at="2024-04-30T14:30:22 IST" name="closeBrowser" finished-at="2024-04-30T14:30:22 IST" duration-ms="587" status="PASS">
          <reporter-output>
          </reporter-output>
        </test-method> <!-- closeBrowser -->
      </class> <!-- testcases.TC007_ShopByDepartmentTest -->
    </test> <!-- Test -->
  </suite> <!-- Suite -->
</testng-results>
